{"level":"info","message":"Received request: GET /api/k8s/clusters","service":"user-service","timestamp":"2024-11-14 15:06:10"}
{"level":"error","message":"getClusters failed: ReferenceError: error is not defined","service":"user-service","timestamp":"2024-11-14 15:06:10"}
{"level":"info","message":"Received request: GET /api/k8s/clusters","service":"user-service","timestamp":"2024-11-14 15:07:28"}
{"level":"info","message":"getClusters successed","service":"user-service","timestamp":"2024-11-14 15:07:28"}
{"level":"info","message":"Received request: GET /api/k8s/cluster/vgvgqkgbfy","service":"user-service","timestamp":"2024-11-14 15:08:43"}
{"level":"info","message":"Received request: GET /api/k8s/namespaces/vgvgqkgbfy","service":"user-service","timestamp":"2024-11-14 15:08:45"}
{"level":"info","message":"Received request: GET /api/k8s/clusterOverview/vgvgqkgbfy","service":"user-service","timestamp":"2024-11-14 15:08:45"}
{"level":"info","message":"Received request: GET /api/k8s/pods/vgvgqkgbfy/argocd","service":"user-service","timestamp":"2024-11-14 15:08:48"}
{"level":"info","message":"Received request: GET /api/k8s/clusters","service":"user-service","timestamp":"2024-11-14 16:19:00"}
{"level":"info","message":"getClusters successed","service":"user-service","timestamp":"2024-11-14 16:19:01"}
{"level":"info","message":"Received request: POST /api/k8s/upload","service":"user-service","timestamp":"2024-11-14 16:19:16"}
{"level":"info","message":"Received request: POST /api/k8s/testConnection","service":"user-service","timestamp":"2024-11-14 16:19:20"}
{"level":"error","message":"getClusterInfo failed: YAMLException: a line break is expected (2:3)\n\n 1 | ## 一 主机情况\n 2 | | 服务器  | 地址        | 规格         |  ...\n-------^\n 3 | | ------- | ----------- | -------- ...\n 4 | | ebops01  | 10.1.61.240  | 4C/8G/ ...","service":"user-service","timestamp":"2024-11-14 16:19:20"}
{"level":"info","message":"Received request: POST /api/k8s/testConnection","service":"user-service","timestamp":"2024-11-14 16:19:41"}
{"level":"error","message":"getClusterInfo failed: YAMLException: a line break is expected (2:3)\n\n 1 | ## 一 主机情况\n 2 | | 服务器  | 地址        | 规格         |  ...\n-------^\n 3 | | ------- | ----------- | -------- ...\n 4 | | ebops01  | 10.1.61.240  | 4C/8G/ ...","service":"user-service","timestamp":"2024-11-14 16:19:41"}
{"level":"info","message":"Received request: GET /","service":"user-service","timestamp":"2024-11-14 16:22:38"}
{"level":"info","message":"Received request: GET /assets/index.7f7107b8.js","service":"user-service","timestamp":"2024-11-14 16:22:38"}
{"level":"info","message":"Received request: GET /assets/arco.8634d33f.js","service":"user-service","timestamp":"2024-11-14 16:22:38"}
{"level":"info","message":"Received request: GET /assets/chart.abe48058.js","service":"user-service","timestamp":"2024-11-14 16:22:38"}
{"level":"info","message":"Received request: GET /assets/index.9bfe55ed.css","service":"user-service","timestamp":"2024-11-14 16:22:38"}
{"level":"info","message":"Received request: GET /assets/vue.e85c0752.js","service":"user-service","timestamp":"2024-11-14 16:22:38"}
{"level":"info","message":"Received request: GET /assets/index.73087601.js","service":"user-service","timestamp":"2024-11-14 16:22:39"}
{"level":"info","message":"Received request: GET /assets/index.08b09968.js","service":"user-service","timestamp":"2024-11-14 16:22:39"}
{"level":"info","message":"Received request: GET /assets/loading.623e4070.js","service":"user-service","timestamp":"2024-11-14 16:22:39"}
{"level":"info","message":"Received request: GET /assets/index.9c19a932.css","service":"user-service","timestamp":"2024-11-14 16:22:39"}
{"level":"info","message":"Received request: GET /assets/index.f6145a81.css","service":"user-service","timestamp":"2024-11-14 16:22:39"}
{"level":"info","message":"Received request: GET /assets/index.10c6c4dd.css","service":"user-service","timestamp":"2024-11-14 16:22:39"}
{"level":"info","message":"Received request: GET /assets/index.a2f9fb97.css","service":"user-service","timestamp":"2024-11-14 16:22:39"}
{"level":"info","message":"Received request: GET /assets/index.749fce18.css","service":"user-service","timestamp":"2024-11-14 16:22:39"}
{"level":"info","message":"Received request: GET /assets/index.9d55e6d0.css","service":"user-service","timestamp":"2024-11-14 16:22:39"}
{"level":"info","message":"Received request: GET /assets/index.bd69be46.css","service":"user-service","timestamp":"2024-11-14 16:22:39"}
{"level":"info","message":"Received request: GET /assets/index.77c6cd58.css","service":"user-service","timestamp":"2024-11-14 16:22:39"}
{"level":"info","message":"Received request: GET /assets/index.27ab35af.css","service":"user-service","timestamp":"2024-11-14 16:22:39"}
{"level":"info","message":"Received request: GET /assets/index.59752fbf.css","service":"user-service","timestamp":"2024-11-14 16:22:39"}
{"level":"info","message":"Received request: GET /assets/index.d2d6d95f.css","service":"user-service","timestamp":"2024-11-14 16:22:39"}
{"level":"info","message":"Received request: GET /assets/index.6650647b.css","service":"user-service","timestamp":"2024-11-14 16:22:39"}
{"level":"info","message":"Received request: GET /assets/index.3ce51f1f.css","service":"user-service","timestamp":"2024-11-14 16:22:39"}
{"level":"info","message":"Received request: GET /assets/index.6e5fc71a.css","service":"user-service","timestamp":"2024-11-14 16:22:39"}
{"level":"info","message":"Received request: GET /assets/index.0fccbfc9.css","service":"user-service","timestamp":"2024-11-14 16:22:39"}
{"level":"info","message":"Received request: GET /assets/index.c317eca5.css","service":"user-service","timestamp":"2024-11-14 16:22:39"}
{"level":"info","message":"Received request: GET /assets/index.338b4449.css","service":"user-service","timestamp":"2024-11-14 16:22:39"}
{"level":"info","message":"Received request: GET /assets/index.79506882.css","service":"user-service","timestamp":"2024-11-14 16:22:39"}
{"level":"info","message":"Received request: GET /api/k8s/clusters","service":"user-service","timestamp":"2024-11-14 16:22:39"}
{"level":"info","message":"getClusters successed","service":"user-service","timestamp":"2024-11-14 16:22:39"}
{"level":"info","message":"Received request: GET /","service":"user-service","timestamp":"2024-11-14 16:23:55"}
{"level":"info","message":"Received request: GET /assets/index.7f7107b8.js","service":"user-service","timestamp":"2024-11-14 16:23:55"}
{"level":"info","message":"Received request: GET /assets/index.9bfe55ed.css","service":"user-service","timestamp":"2024-11-14 16:23:55"}
{"level":"info","message":"Received request: GET /assets/chart.abe48058.js","service":"user-service","timestamp":"2024-11-14 16:23:55"}
{"level":"info","message":"Received request: GET /assets/arco.8634d33f.js","service":"user-service","timestamp":"2024-11-14 16:23:55"}
{"level":"info","message":"Received request: GET /assets/vue.e85c0752.js","service":"user-service","timestamp":"2024-11-14 16:23:55"}
{"level":"info","message":"Received request: GET /assets/index.73087601.js","service":"user-service","timestamp":"2024-11-14 16:23:55"}
{"level":"info","message":"Received request: GET /assets/index.08b09968.js","service":"user-service","timestamp":"2024-11-14 16:23:55"}
{"level":"info","message":"Received request: GET /assets/index.9c19a932.css","service":"user-service","timestamp":"2024-11-14 16:23:55"}
{"level":"info","message":"Received request: GET /assets/index.10c6c4dd.css","service":"user-service","timestamp":"2024-11-14 16:23:55"}
{"level":"info","message":"Received request: GET /assets/index.f6145a81.css","service":"user-service","timestamp":"2024-11-14 16:23:55"}
{"level":"info","message":"Received request: GET /assets/index.a2f9fb97.css","service":"user-service","timestamp":"2024-11-14 16:23:55"}
{"level":"info","message":"Received request: GET /assets/index.749fce18.css","service":"user-service","timestamp":"2024-11-14 16:23:55"}
{"level":"info","message":"Received request: GET /assets/index.9d55e6d0.css","service":"user-service","timestamp":"2024-11-14 16:23:55"}
{"level":"info","message":"Received request: GET /assets/index.bd69be46.css","service":"user-service","timestamp":"2024-11-14 16:23:55"}
{"level":"info","message":"Received request: GET /assets/index.77c6cd58.css","service":"user-service","timestamp":"2024-11-14 16:23:55"}
{"level":"info","message":"Received request: GET /assets/index.27ab35af.css","service":"user-service","timestamp":"2024-11-14 16:23:55"}
{"level":"info","message":"Received request: GET /assets/index.59752fbf.css","service":"user-service","timestamp":"2024-11-14 16:23:55"}
{"level":"info","message":"Received request: GET /assets/index.d2d6d95f.css","service":"user-service","timestamp":"2024-11-14 16:23:55"}
{"level":"info","message":"Received request: GET /assets/index.6650647b.css","service":"user-service","timestamp":"2024-11-14 16:23:55"}
{"level":"info","message":"Received request: GET /assets/index.3ce51f1f.css","service":"user-service","timestamp":"2024-11-14 16:23:55"}
{"level":"info","message":"Received request: GET /assets/index.6e5fc71a.css","service":"user-service","timestamp":"2024-11-14 16:23:55"}
{"level":"info","message":"Received request: GET /assets/index.0fccbfc9.css","service":"user-service","timestamp":"2024-11-14 16:23:55"}
{"level":"info","message":"Received request: GET /assets/index.c317eca5.css","service":"user-service","timestamp":"2024-11-14 16:23:55"}
{"level":"info","message":"Received request: GET /assets/index.338b4449.css","service":"user-service","timestamp":"2024-11-14 16:23:55"}
{"level":"info","message":"Received request: GET /assets/index.79506882.css","service":"user-service","timestamp":"2024-11-14 16:23:55"}
{"level":"info","message":"Received request: GET /assets/loading.623e4070.js","service":"user-service","timestamp":"2024-11-14 16:23:55"}
{"level":"info","message":"Received request: GET /api/k8s/clusters","service":"user-service","timestamp":"2024-11-14 16:23:56"}
{"level":"info","message":"getClusters successed","service":"user-service","timestamp":"2024-11-14 16:23:56"}
{"level":"info","message":"Received request: GET /","service":"user-service","timestamp":"2024-11-14 16:24:28"}
{"level":"info","message":"Received request: GET /assets/index.7f7107b8.js","service":"user-service","timestamp":"2024-11-14 16:24:28"}
{"level":"info","message":"Received request: GET /assets/index.9bfe55ed.css","service":"user-service","timestamp":"2024-11-14 16:24:28"}
{"level":"info","message":"Received request: GET /assets/arco.8634d33f.js","service":"user-service","timestamp":"2024-11-14 16:24:28"}
{"level":"info","message":"Received request: GET /assets/vue.e85c0752.js","service":"user-service","timestamp":"2024-11-14 16:24:28"}
{"level":"info","message":"Received request: GET /assets/chart.abe48058.js","service":"user-service","timestamp":"2024-11-14 16:24:28"}
{"level":"info","message":"Received request: GET /assets/index.08b09968.js","service":"user-service","timestamp":"2024-11-14 16:24:28"}
{"level":"info","message":"Received request: GET /assets/index.73087601.js","service":"user-service","timestamp":"2024-11-14 16:24:28"}
{"level":"info","message":"Received request: GET /assets/index.9c19a932.css","service":"user-service","timestamp":"2024-11-14 16:24:28"}
{"level":"info","message":"Received request: GET /assets/index.f6145a81.css","service":"user-service","timestamp":"2024-11-14 16:24:28"}
{"level":"info","message":"Received request: GET /assets/index.10c6c4dd.css","service":"user-service","timestamp":"2024-11-14 16:24:28"}
{"level":"info","message":"Received request: GET /assets/index.a2f9fb97.css","service":"user-service","timestamp":"2024-11-14 16:24:28"}
{"level":"info","message":"Received request: GET /assets/index.749fce18.css","service":"user-service","timestamp":"2024-11-14 16:24:28"}
{"level":"info","message":"Received request: GET /assets/index.9d55e6d0.css","service":"user-service","timestamp":"2024-11-14 16:24:28"}
{"level":"info","message":"Received request: GET /assets/index.bd69be46.css","service":"user-service","timestamp":"2024-11-14 16:24:28"}
{"level":"info","message":"Received request: GET /assets/index.77c6cd58.css","service":"user-service","timestamp":"2024-11-14 16:24:28"}
{"level":"info","message":"Received request: GET /assets/index.27ab35af.css","service":"user-service","timestamp":"2024-11-14 16:24:28"}
{"level":"info","message":"Received request: GET /assets/index.59752fbf.css","service":"user-service","timestamp":"2024-11-14 16:24:28"}
{"level":"info","message":"Received request: GET /assets/index.d2d6d95f.css","service":"user-service","timestamp":"2024-11-14 16:24:28"}
{"level":"info","message":"Received request: GET /assets/index.6650647b.css","service":"user-service","timestamp":"2024-11-14 16:24:28"}
{"level":"info","message":"Received request: GET /assets/index.3ce51f1f.css","service":"user-service","timestamp":"2024-11-14 16:24:28"}
{"level":"info","message":"Received request: GET /assets/index.6e5fc71a.css","service":"user-service","timestamp":"2024-11-14 16:24:28"}
{"level":"info","message":"Received request: GET /assets/index.0fccbfc9.css","service":"user-service","timestamp":"2024-11-14 16:24:28"}
{"level":"info","message":"Received request: GET /assets/index.c317eca5.css","service":"user-service","timestamp":"2024-11-14 16:24:28"}
{"level":"info","message":"Received request: GET /assets/index.338b4449.css","service":"user-service","timestamp":"2024-11-14 16:24:28"}
{"level":"info","message":"Received request: GET /assets/index.79506882.css","service":"user-service","timestamp":"2024-11-14 16:24:28"}
{"level":"info","message":"Received request: GET /assets/loading.623e4070.js","service":"user-service","timestamp":"2024-11-14 16:24:28"}
{"level":"info","message":"Received request: GET /api/k8s/clusters","service":"user-service","timestamp":"2024-11-14 16:24:28"}
{"level":"info","message":"getClusters successed","service":"user-service","timestamp":"2024-11-14 16:24:28"}
